<?xml version="1.0" encoding="UTF-8"?>
<!-- Generated by org.testng.reporters.JUnitReportReporter -->
<testsuite skipped="0" hostname="WFHW42NLPC0436" name="com.makemytrip.TestMakeMyTrip.test.TestListOfFilesInMorning" tests="1" failures="0" timestamp="2020-11-05T07:43:45 IST" time="6.389" errors="0">
  <testcase name="testListOfFlitesFromDelhi" time="6.389" classname="com.makemytrip.TestMakeMyTrip.test.TestListOfFilesInMorning"/>
  <system-out/>
</testsuite> <!-- com.makemytrip.TestMakeMyTrip.test.TestListOfFilesInMorning -->
